<?xml version="1.0" encoding="UTF-8"?>
<!-- Generated by org.testng.reporters.JUnitXMLReporter -->
<testsuite hostname="BTG704839" ignored="0" name="Email and IM Test" tests="1" failures="1" timestamp="18 Aug 2018 19:36:43 GMT" time="27.749" errors="0">
  <testcase name="testEmailPage" time="7.077" classname="com.bt.og.testpages.EmailAndIMTestPage">
    <failure type="java.lang.AssertionError" message="expected [true] but found [false]">
      <![CDATA[java.lang.AssertionError: expected [true] but found [false]
at com.bt.og.pages.EmailAndIMPage.enterPriseMessenger(EmailAndIMPage.java:180)
at com.bt.og.testpages.EmailAndIMTestPage.testEmailPage(EmailAndIMTestPage.java:35)
... Removed 29 stack frames]]>
    </failure>
  </testcase> <!-- testEmailPage -->
</testsuite> <!-- Email and IM Test -->
